<?xml version="1.0" encoding="UTF-8"?>
<testsuite name="com.diegotomfurtado.unicap.integrationtest.AppTest" tests="1" skipped="0" failures="0" errors="0" timestamp="2019-10-31T00:41:11" hostname="Diegos-MacBook-Pro.local" time="0.394">
  <properties/>
  <testcase name="testTransfer" classname="com.diegotomfurtado.unicap.integrationtest.AppTest" time="0.394"/>
  <system-out><![CDATA[]]></system-out>
  <system-err><![CDATA[SLF4J: Failed to load class "org.slf4j.impl.StaticLoggerBinder".
SLF4J: Defaulting to no-operation (NOP) logger implementation
SLF4J: See http://www.slf4j.org/codes.html#StaticLoggerBinder for further details.
]]></system-err>
</testsuite>
